<?xml version="1.0" encoding="UTF-8"?>
<testng-results skipped="0" failed="0" ignored="0" total="4" passed="4">
  <reporter-output>
  </reporter-output>
  <suite name="Default suite" duration-ms="196" started-at="2019-02-24T02:50:01Z" finished-at="2019-02-24T02:50:01Z">
    <groups>
    </groups>
    <test name="Default test" duration-ms="196" started-at="2019-02-24T02:50:01Z" finished-at="2019-02-24T02:50:01Z">
      <class name="com.testpackage.TestNGDependsOnMethodsExample">
        <test-method status="PASS" signature="beforeMethod()[pri:0, instance:com.testpackage.TestNGDependsOnMethodsExample@5d5eef3d]" name="beforeMethod" is-config="true" duration-ms="17" started-at="2019-02-24T02:50:01Z" finished-at="2019-02-24T02:50:01Z">
          <reporter-output>
          </reporter-output>
        </test-method> <!-- beforeMethod -->
        <test-method status="PASS" signature="testAdd()[pri:0, instance:com.testpackage.TestNGDependsOnMethodsExample@5d5eef3d]" name="testAdd" duration-ms="14" started-at="2019-02-24T02:50:01Z" finished-at="2019-02-24T02:50:01Z">
          <reporter-output>
          </reporter-output>
        </test-method> <!-- testAdd -->
        <test-method status="PASS" signature="afterMethod()[pri:0, instance:com.testpackage.TestNGDependsOnMethodsExample@5d5eef3d]" name="afterMethod" is-config="true" duration-ms="1" started-at="2019-02-24T02:50:01Z" finished-at="2019-02-24T02:50:01Z">
          <reporter-output>
          </reporter-output>
        </test-method> <!-- afterMethod -->
        <test-method status="PASS" signature="beforeMethod()[pri:0, instance:com.testpackage.TestNGDependsOnMethodsExample@5d5eef3d]" name="beforeMethod" is-config="true" duration-ms="1" started-at="2019-02-24T02:50:01Z" finished-at="2019-02-24T02:50:01Z">
          <reporter-output>
          </reporter-output>
        </test-method> <!-- beforeMethod -->
        <test-method status="PASS" signature="testDivide()[pri:0, instance:com.testpackage.TestNGDependsOnMethodsExample@5d5eef3d]" name="testDivide" duration-ms="5" started-at="2019-02-24T02:50:01Z" finished-at="2019-02-24T02:50:01Z">
          <reporter-output>
          </reporter-output>
        </test-method> <!-- testDivide -->
        <test-method status="PASS" signature="afterMethod()[pri:0, instance:com.testpackage.TestNGDependsOnMethodsExample@5d5eef3d]" name="afterMethod" is-config="true" duration-ms="0" started-at="2019-02-24T02:50:01Z" finished-at="2019-02-24T02:50:01Z">
          <reporter-output>
          </reporter-output>
        </test-method> <!-- afterMethod -->
        <test-method status="PASS" signature="beforeMethod()[pri:0, instance:com.testpackage.TestNGDependsOnMethodsExample@5d5eef3d]" name="beforeMethod" is-config="true" duration-ms="0" started-at="2019-02-24T02:50:01Z" finished-at="2019-02-24T02:50:01Z">
          <reporter-output>
          </reporter-output>
        </test-method> <!-- beforeMethod -->
        <test-method status="PASS" signature="testProcessEvenNumbers()[pri:0, instance:com.testpackage.TestNGDependsOnMethodsExample@5d5eef3d]" name="testProcessEvenNumbers" duration-ms="4" started-at="2019-02-24T02:50:01Z" depends-on-methods="com.testpackage.TestNGDependsOnMethodsExample.testDivide, com.testpackage.TestNGDependsOnMethodsExample.testAdd" finished-at="2019-02-24T02:50:01Z">
          <reporter-output>
          </reporter-output>
        </test-method> <!-- testProcessEvenNumbers -->
        <test-method status="PASS" signature="afterMethod()[pri:0, instance:com.testpackage.TestNGDependsOnMethodsExample@5d5eef3d]" name="afterMethod" is-config="true" duration-ms="1" started-at="2019-02-24T02:50:01Z" finished-at="2019-02-24T02:50:01Z">
          <reporter-output>
          </reporter-output>
        </test-method> <!-- afterMethod -->
        <test-method status="PASS" signature="beforeMethod()[pri:0, instance:com.testpackage.TestNGDependsOnMethodsExample@5d5eef3d]" name="beforeMethod" is-config="true" duration-ms="0" started-at="2019-02-24T02:50:01Z" finished-at="2019-02-24T02:50:01Z">
          <reporter-output>
          </reporter-output>
        </test-method> <!-- beforeMethod -->
        <test-method status="PASS" signature="testProcessRealNumbers()[pri:0, instance:com.testpackage.TestNGDependsOnMethodsExample@5d5eef3d]" name="testProcessRealNumbers" duration-ms="8" started-at="2019-02-24T02:50:01Z" depends-on-methods="com.testpackage.TestNGDependsOnMethodsExample.testDivide, com.testpackage.TestNGDependsOnMethodsExample.testAdd" finished-at="2019-02-24T02:50:01Z">
          <reporter-output>
          </reporter-output>
        </test-method> <!-- testProcessRealNumbers -->
        <test-method status="PASS" signature="afterMethod()[pri:0, instance:com.testpackage.TestNGDependsOnMethodsExample@5d5eef3d]" name="afterMethod" is-config="true" duration-ms="0" started-at="2019-02-24T02:50:01Z" finished-at="2019-02-24T02:50:01Z">
          <reporter-output>
          </reporter-output>
        </test-method> <!-- afterMethod -->
      </class> <!-- com.testpackage.TestNGDependsOnMethodsExample -->
    </test> <!-- Default test -->
  </suite> <!-- Default suite -->
</testng-results>
