<?xml version="1.0" encoding="UTF-8"?>
<!-- Generated by org.testng.reporters.JUnitXMLReporter -->
<testsuite hostname="manjula-VAIO" ignored="0" name="Default test" tests="4" failures="0" timestamp="24 Feb 2019 02:50:01 GMT" time="0.196" errors="0">
  <testcase name="testAdd" time="0.014" classname="com.testpackage.TestNGDependsOnMethodsExample"/>
  <testcase name="testDivide" time="0.005" classname="com.testpackage.TestNGDependsOnMethodsExample"/>
  <testcase name="testProcessEvenNumbers" time="0.004" classname="com.testpackage.TestNGDependsOnMethodsExample"/>
  <testcase name="testProcessRealNumbers" time="0.008" classname="com.testpackage.TestNGDependsOnMethodsExample"/>
</testsuite> <!-- Default test -->
