<?xml version="1.0" encoding="UTF-8"?>
<!-- Generated by org.testng.reporters.JUnitXMLReporter -->
<testsuite hostname="manjula-VAIO" ignored="0" name="Test" tests="3" failures="0" timestamp="16 Feb 2019 19:43:24 GMT" time="0.1" errors="0">
  <testcase name="Test1" time="0.029" classname="groups.testng.edu.IncludeExclude"/>
  <testcase name="Test2" time="0.004" classname="groups.testng.edu.IncludeExclude"/>
  <testcase name="Test3" time="0.003" classname="groups.testng.edu.IncludeExclude"/>
</testsuite> <!-- Test -->
