<?xml version="1.0" encoding="UTF-8"?>
<!-- Generated by org.testng.reporters.JUnitXMLReporter -->
<testsuite hostname="manjula-VAIO" ignored="2" name="Test2" tests="1" failures="0" timestamp="16 Feb 2019 19:24:16 GMT" time="0.024" errors="0">
  <testcase name="Test2" time="0.005" classname="groups.testng.edu.TestBelongsToMultipleGroups"/>
  <testcase name="Test3" time="0.0" classname="groups.testng.edu.TestBelongsToMultipleGroups">
    <ignored/>
  </testcase> <!-- Test3 -->
  <testcase name="Test1" time="0.0" classname="groups.testng.edu.TestBelongsToMultipleGroups">
    <ignored/>
  </testcase> <!-- Test1 -->
</testsuite> <!-- Test2 -->
