<?xml version="1.0" encoding="UTF-8"?>
<testng-results skipped="0" failed="0" ignored="0" total="1" passed="1">
  <reporter-output>
  </reporter-output>
  <suite name="Default suite" duration-ms="98" started-at="2019-02-20T03:44:52Z" finished-at="2019-02-20T03:44:52Z">
    <groups>
    </groups>
    <test name="Default test" duration-ms="98" started-at="2019-02-20T03:44:52Z" finished-at="2019-02-20T03:44:52Z">
      <class name="com.qa.utils.HomePage">
        <test-method status="PASS" signature="home()[pri:0, instance:com.qa.utils.HomePage@482f8f11]" name="home" duration-ms="22" started-at="2019-02-20T03:44:52Z" finished-at="2019-02-20T03:44:52Z">
          <reporter-output>
          </reporter-output>
        </test-method> <!-- home -->
      </class> <!-- com.qa.utils.HomePage -->
    </test> <!-- Default test -->
  </suite> <!-- Default suite -->
</testng-results>
